#
# A fatal error has been detected by the Java Runtime Environment:
#
#  Internal Error (javaClasses.cpp:136), pid=7312, tid=20308
#  fatal error: Invalid layout of preloaded class
#
# JRE version:  (7.0_45-b18) (build )
# Java VM: Java HotSpot(TM) Client VM (24.45-b08 mixed mode windows-x86 )
# Failed to write core dump. Minidumps are not enabled by default on client versions of Windows
#
# If you would like to submit a bug report, please visit:
#   http://bugreport.sun.com/bugreport/crash.jsp
#

---------------  T H R E A D  ---------------

Current thread (0x002dc000):  JavaThread "Unknown thread" [_thread_in_vm, id=20308, stack(0x00270000,0x002c0000)]

Stack: [0x00270000,0x002c0000],  sp=0x002bf480,  free space=317k
Native frames: (J=compiled Java code, j=interpreted, Vv=VM code, C=native code)
V  [jvm.dll+0x18df51]
V  [jvm.dll+0x187cc6]
V  [jvm.dll+0x3586a]
V  [jvm.dll+0x358f6]
V  [jvm.dll+0x4400d]
V  [jvm.dll+0x442be]
V  [jvm.dll+0x9263a]
V  [jvm.dll+0x929eb]
V  [jvm.dll+0x13daf1]
V  [jvm.dll+0x1605fc]
V  [jvm.dll+0xc8ebf]
C  [javaw.exe+0x13ce]
C  [javaw.exe+0x1e40]
C  [javaw.exe+0xa5b1]
C  [javaw.exe+0xa63b]
C  [KERNEL32.DLL+0x1495d]
C  [ntdll.dll+0x498ee]
C  [ntdll.dll+0x498c4]


---------------  P R O C E S S  ---------------

Java Threads: ( => current thread )

Other Threads:

=>0x002dc000 (exited) JavaThread "Unknown thread" [_thread_in_vm, id=20308, stack(0x00270000,0x002c0000)]

VM state:not at safepoint (not fully initialized)

VM Mutex/Monitor currently owned by a thread: None

GC Heap History (0 events):
No events

Deoptimization events (0 events):
No events

Internal exceptions (0 events):
No events

Events (10 events):
Event: 0.024 loading class 0x0072b108 done
Event: 0.024 loading class 0x0072ab98 done
Event: 0.024 loading class 0x0072ab78
Event: 0.024 loading class 0x00731ea0
Event: 0.025 loading class 0x00731ea0 done
Event: 0.025 loading class 0x00731ed0
Event: 0.025 loading class 0x00731ed0 done
Event: 0.025 loading class 0x00731f00
Event: 0.025 loading class 0x00731f00 done
Event: 0.025 loading class 0x0072ab78 done


Dynamic libraries:
0x00af0000 - 0x00b1f000 	C:\Program Files (x86)\Java\jre7\bin\javaw.exe
0x77460000 - 0x775c8000 	C:\Windows\SYSTEM32\ntdll.dll
0x76f30000 - 0x77070000 	C:\Windows\SYSTEM32\KERNEL32.DLL
0x74eb0000 - 0x74f7f000 	C:\Windows\SYSTEM32\KERNELBASE.dll
0x735e0000 - 0x7367a000 	C:\Windows\system32\apphelp.dll
0x73380000 - 0x735d2000 	C:\Windows\AppPatch\AcGenral.DLL
0x76b30000 - 0x76bee000 	C:\Windows\SYSTEM32\msvcrt.dll
0x76c90000 - 0x76cce000 	C:\Windows\SYSTEM32\sechost.dll
0x74e90000 - 0x74ead000 	C:\Windows\SYSTEM32\SspiCli.dll
0x77070000 - 0x770b1000 	C:\Windows\SYSTEM32\SHLWAPI.dll
0x732a0000 - 0x7337c000 	C:\Windows\SYSTEM32\UxTheme.dll
0x75020000 - 0x75170000 	C:\Windows\SYSTEM32\USER32.dll
0x76cd0000 - 0x76dd8000 	C:\Windows\SYSTEM32\GDI32.dll
0x73280000 - 0x732a0000 	C:\Windows\SYSTEM32\WINMM.dll
0x73260000 - 0x73272000 	C:\Windows\SYSTEM32\samcli.dll
0x771e0000 - 0x772eb000 	C:\Windows\SYSTEM32\ole32.dll
0x76850000 - 0x768d7000 	C:\Windows\SYSTEM32\OLEAUT32.dll
0x73240000 - 0x73255000 	C:\Windows\SYSTEM32\MSACM32.dll
0x74b80000 - 0x74b88000 	C:\Windows\SYSTEM32\VERSION.dll
0x75320000 - 0x764c3000 	C:\Windows\SYSTEM32\SHELL32.dll
0x73220000 - 0x73239000 	C:\Windows\SYSTEM32\USERENV.dll
0x73200000 - 0x73219000 	C:\Windows\SYSTEM32\dwmapi.dll
0x730d0000 - 0x731f1000 	C:\Windows\SYSTEM32\urlmon.dll
0x76550000 - 0x765c7000 	C:\Windows\SYSTEM32\ADVAPI32.dll
0x73070000 - 0x730ce000 	C:\Windows\SYSTEM32\WINSPOOL.DRV
0x73050000 - 0x73064000 	C:\Windows\SYSTEM32\MPR.dll
0x768f0000 - 0x769a1000 	C:\Windows\SYSTEM32\RPCRT4.dll
0x74e80000 - 0x74e89000 	C:\Windows\SYSTEM32\CRYPTBASE.dll
0x765d0000 - 0x7671e000 	C:\Windows\SYSTEM32\combase.dll
0x73030000 - 0x73050000 	C:\Windows\SYSTEM32\WINMMBASE.dll
0x73020000 - 0x7302e000 	C:\Windows\SYSTEM32\profapi.dll
0x74430000 - 0x74645000 	C:\Windows\SYSTEM32\iertutil.dll
0x74710000 - 0x748d4000 	C:\Windows\SYSTEM32\WININET.dll
0x74e20000 - 0x74e71000 	C:\Windows\SYSTEM32\bcryptPrimitives.dll
0x76c50000 - 0x76c8a000 	C:\Windows\SYSTEM32\cfgmgr32.dll
0x73000000 - 0x7301f000 	C:\Windows\SYSTEM32\DEVOBJ.dll
0x72f80000 - 0x72ff7000 	C:\Windows\SYSTEM32\SHCORE.DLL
0x76730000 - 0x76755000 	C:\Windows\system32\IMM32.DLL
0x770c0000 - 0x771b7000 	C:\Windows\SYSTEM32\MSCTF.dll
0x72cb0000 - 0x72cd9000 	C:\Windows\SYSTEM32\nvinit.dll
0x6c630000 - 0x6c815000 	C:\Windows\WinSxS\x86_microsoft.windows.common-controls_6595b64144ccf1df_6.0.9600.16384_none_a9f4965301334e09\COMCTL32.dll
0x57db0000 - 0x57e6f000 	C:\Program Files (x86)\Java\jre7\bin\msvcr100.dll
0x66b80000 - 0x66f00000 	C:\Program Files (x86)\Java\jre7\bin\client\jvm.dll
0x74b90000 - 0x74b98000 	C:\Windows\SYSTEM32\WSOCK32.dll
0x76720000 - 0x76726000 	C:\Windows\SYSTEM32\PSAPI.DLL
0x76bf0000 - 0x76c3d000 	C:\Windows\SYSTEM32\WS2_32.dll
0x76840000 - 0x76847000 	C:\Windows\SYSTEM32\NSI.dll
0x741b0000 - 0x741bc000 	C:\Program Files (x86)\Java\jre7\bin\verify.dll
0x74190000 - 0x741b0000 	C:\Program Files (x86)\Java\jre7\bin\java.dll
0x74170000 - 0x74183000 	C:\Program Files (x86)\Java\jre7\bin\zip.dll
0x57c60000 - 0x57da8000 	C:\Windows\SYSTEM32\dbghelp.dll

VM Arguments:
jvm_args: -Dfile.encoding=Cp1252 -Xbootclasspath:E:\Downloads\Android Development Suite\sdk\platforms\android-18\android.jar 
java_command: org.eclipse.jdt.internal.junit.runner.RemoteTestRunner -version 3 -port 26632 -testLoaderClass org.eclipse.jdt.internal.junit4.runner.JUnit4TestLoader -loaderpluginname org.eclipse.jdt.junit4.runtime -classNames edu.uprm.ece.icom4035.mycontacts.testers.Test2
Launcher Type: SUN_STANDARD

Environment Variables:
PATH=C:/Program Files (x86)/Java/jre7/bin/client;C:/Program Files (x86)/Java/jre7/bin;C:/Program Files (x86)/Java/jre7/lib/i386;C:\Program Files\NVIDIA GPU Computing Toolkit\CUDA\v5.5\bin;C:\Program Files\NVIDIA GPU Computing Toolkit\CUDA\v5.5\libnvvp;C:\Program Files (x86)\NVIDIA Corporation\PhysX\Common;C:\Windows\system32;C:\Windows;C:\Windows\System32\Wbem;C:\Windows\System32\WindowsPowerShell\v1.0\;C:\Program Files\Microsoft\Web Platform Installer\;C:\Program Files (x86)\Microsoft ASP.NET\ASP.NET Web Pages\v1.0\;C:\Program Files (x86)\Windows Kits\8.0\Windows Performance Toolkit\;C:\Program Files\Microsoft SQL Server\110\Tools\Binn\;.;;C:\eclipse;;.;
USERNAME=Lixhjideny
OS=Windows_NT
PROCESSOR_IDENTIFIER=Intel64 Family 6 Model 37 Stepping 5, GenuineIntel



---------------  S Y S T E M  ---------------

OS: Windows 8 , 64 bit Build 9200 

CPU:total 4 (2 cores per cpu, 2 threads per core) family 6 model 37 stepping 5, cmov, cx8, fxsr, mmx, sse, sse2, sse3, ssse3, sse4.1, sse4.2, popcnt, aes, ht, tsc, tscinvbit

Memory: 4k page, physical 8181612k(5034380k free), swap 16570220k(12619528k free)

vm_info: Java HotSpot(TM) Client VM (24.45-b08) for windows-x86 JRE (1.7.0_45-b18), built on Oct  8 2013 06:02:43 by "java_re" with unknown MS VC++:1600

time: Fri Nov 08 07:45:44 2013
elapsed time: 0 seconds

