#
# A fatal error has been detected by the Java Runtime Environment:
#
#  Internal Error (javaClasses.cpp:136), pid=2724, tid=2316
#  fatal error: Invalid layout of preloaded class
#
# JRE version:  (7.0_45-b18) (build )
# Java VM: Java HotSpot(TM) Client VM (24.45-b08 mixed mode windows-x86 )
# Failed to write core dump. Minidumps are not enabled by default on client versions of Windows
#
# If you would like to submit a bug report, please visit:
#   http://bugreport.sun.com/bugreport/crash.jsp
#

---------------  T H R E A D  ---------------

Current thread (0x0102c000):  JavaThread "Unknown thread" [_thread_in_vm, id=2316, stack(0x00f90000,0x00fe0000)]

Stack: [0x00f90000,0x00fe0000],  sp=0x00fdf394,  free space=316k
Native frames: (J=compiled Java code, j=interpreted, Vv=VM code, C=native code)
V  [jvm.dll+0x18df51]
V  [jvm.dll+0x187cc6]
V  [jvm.dll+0x3586a]
V  [jvm.dll+0x358f6]
V  [jvm.dll+0x4400d]
V  [jvm.dll+0x442be]
V  [jvm.dll+0x9263a]
V  [jvm.dll+0x929eb]
V  [jvm.dll+0x13daf1]
V  [jvm.dll+0x1605fc]
V  [jvm.dll+0xc8ebf]
C  [javaw.exe+0x13ce]
C  [javaw.exe+0x1e40]
C  [javaw.exe+0xa5b1]
C  [javaw.exe+0xa63b]
C  [KERNEL32.DLL+0x1495d]
C  [ntdll.dll+0x498ee]
C  [ntdll.dll+0x498c4]


---------------  P R O C E S S  ---------------

Java Threads: ( => current thread )

Other Threads:

=>0x0102c000 (exited) JavaThread "Unknown thread" [_thread_in_vm, id=2316, stack(0x00f90000,0x00fe0000)]

VM state:not at safepoint (not fully initialized)

VM Mutex/Monitor currently owned by a thread: None

GC Heap History (0 events):
No events

Deoptimization events (0 events):
No events

Internal exceptions (0 events):
No events

Events (10 events):
Event: 0.039 loading class 0x0249b108 done
Event: 0.040 loading class 0x0249ab98 done
Event: 0.040 loading class 0x0249ab78
Event: 0.040 loading class 0x024a1ea0
Event: 0.040 loading class 0x024a1ea0 done
Event: 0.040 loading class 0x024a1ed0
Event: 0.041 loading class 0x024a1ed0 done
Event: 0.041 loading class 0x024a1f00
Event: 0.041 loading class 0x024a1f00 done
Event: 0.041 loading class 0x0249ab78 done


Dynamic libraries:
0x01050000 - 0x0107f000 	C:\Program Files (x86)\Java\jre7\bin\javaw.exe
0x76fa0000 - 0x77108000 	C:\Windows\SYSTEM32\ntdll.dll
0x76c90000 - 0x76dd0000 	C:\Windows\SYSTEM32\KERNEL32.DLL
0x75130000 - 0x751ff000 	C:\Windows\SYSTEM32\KERNELBASE.dll
0x72bc0000 - 0x72c5a000 	C:\Windows\system32\apphelp.dll
0x72960000 - 0x72bb2000 	C:\Windows\AppPatch\AcGenral.DLL
0x756c0000 - 0x7577e000 	C:\Windows\SYSTEM32\msvcrt.dll
0x753d0000 - 0x7540e000 	C:\Windows\SYSTEM32\sechost.dll
0x749d0000 - 0x749ed000 	C:\Windows\SYSTEM32\SspiCli.dll
0x74bd0000 - 0x74c11000 	C:\Windows\SYSTEM32\SHLWAPI.dll
0x72880000 - 0x7295c000 	C:\Windows\SYSTEM32\UxTheme.dll
0x74a80000 - 0x74bd0000 	C:\Windows\SYSTEM32\USER32.dll
0x74f50000 - 0x75058000 	C:\Windows\SYSTEM32\GDI32.dll
0x72860000 - 0x72880000 	C:\Windows\SYSTEM32\WINMM.dll
0x72840000 - 0x72852000 	C:\Windows\SYSTEM32\samcli.dll
0x755a0000 - 0x756ab000 	C:\Windows\SYSTEM32\ole32.dll
0x74e00000 - 0x74e87000 	C:\Windows\SYSTEM32\OLEAUT32.dll
0x72820000 - 0x72835000 	C:\Windows\SYSTEM32\MSACM32.dll
0x746c0000 - 0x746c8000 	C:\Windows\SYSTEM32\VERSION.dll
0x75940000 - 0x76ae3000 	C:\Windows\SYSTEM32\SHELL32.dll
0x72800000 - 0x72819000 	C:\Windows\SYSTEM32\USERENV.dll
0x727e0000 - 0x727f9000 	C:\Windows\SYSTEM32\dwmapi.dll
0x726b0000 - 0x727d1000 	C:\Windows\SYSTEM32\urlmon.dll
0x758c0000 - 0x75937000 	C:\Windows\SYSTEM32\ADVAPI32.dll
0x72650000 - 0x726ae000 	C:\Windows\SYSTEM32\WINSPOOL.DRV
0x72630000 - 0x72644000 	C:\Windows\SYSTEM32\MPR.dll
0x75060000 - 0x75111000 	C:\Windows\SYSTEM32\RPCRT4.dll
0x749c0000 - 0x749c9000 	C:\Windows\SYSTEM32\CRYPTBASE.dll
0x75280000 - 0x753ce000 	C:\Windows\SYSTEM32\combase.dll
0x72610000 - 0x72630000 	C:\Windows\SYSTEM32\WINMMBASE.dll
0x72600000 - 0x7260e000 	C:\Windows\SYSTEM32\profapi.dll
0x73f70000 - 0x74185000 	C:\Windows\SYSTEM32\iertutil.dll
0x74250000 - 0x74414000 	C:\Windows\SYSTEM32\WININET.dll
0x74960000 - 0x749b1000 	C:\Windows\SYSTEM32\bcryptPrimitives.dll
0x76af0000 - 0x76b2a000 	C:\Windows\SYSTEM32\cfgmgr32.dll
0x725e0000 - 0x725ff000 	C:\Windows\SYSTEM32\DEVOBJ.dll
0x72560000 - 0x725d7000 	C:\Windows\SYSTEM32\SHCORE.DLL
0x74e90000 - 0x74eb5000 	C:\Windows\system32\IMM32.DLL
0x76dd0000 - 0x76ec7000 	C:\Windows\SYSTEM32\MSCTF.dll
0x72290000 - 0x722b9000 	C:\Windows\SYSTEM32\nvinit.dll
0x6c310000 - 0x6c4f5000 	C:\Windows\WinSxS\x86_microsoft.windows.common-controls_6595b64144ccf1df_6.0.9600.16384_none_a9f4965301334e09\COMCTL32.dll
0x66600000 - 0x666bf000 	C:\Program Files (x86)\Java\jre7\bin\msvcr100.dll
0x587e0000 - 0x58b60000 	C:\Program Files (x86)\Java\jre7\bin\client\jvm.dll
0x746d0000 - 0x746d8000 	C:\Windows\SYSTEM32\WSOCK32.dll
0x75590000 - 0x75596000 	C:\Windows\SYSTEM32\PSAPI.DLL
0x74a30000 - 0x74a7d000 	C:\Windows\SYSTEM32\WS2_32.dll
0x76c80000 - 0x76c87000 	C:\Windows\SYSTEM32\NSI.dll
0x59320000 - 0x5932c000 	C:\Program Files (x86)\Java\jre7\bin\verify.dll
0x58700000 - 0x58720000 	C:\Program Files (x86)\Java\jre7\bin\java.dll
0x586e0000 - 0x586f3000 	C:\Program Files (x86)\Java\jre7\bin\zip.dll
0x5be30000 - 0x5bf78000 	C:\Windows\SYSTEM32\dbghelp.dll

VM Arguments:
jvm_args: -Dfile.encoding=Cp1252 -Xbootclasspath:E:\Downloads\Android Development Suite\sdk\platforms\android-18\android.jar 
java_command: org.eclipse.jdt.internal.junit.runner.RemoteTestRunner -version 3 -port 3116 -testLoaderClass org.eclipse.jdt.internal.junit4.runner.JUnit4TestLoader -loaderpluginname org.eclipse.jdt.junit4.runtime -classNames com.example.gradesrollbook.managers.Test1
Launcher Type: SUN_STANDARD

Environment Variables:
PATH=C:/Program Files (x86)/Java/jre7/bin/client;C:/Program Files (x86)/Java/jre7/bin;C:/Program Files (x86)/Java/jre7/lib/i386;C:\Program Files\NVIDIA GPU Computing Toolkit\CUDA\v5.5\bin;C:\Program Files\NVIDIA GPU Computing Toolkit\CUDA\v5.5\libnvvp;C:\Program Files (x86)\NVIDIA Corporation\PhysX\Common;C:\Windows\system32;C:\Windows;C:\Windows\System32\Wbem;C:\Windows\System32\WindowsPowerShell\v1.0\;C:\Program Files\Microsoft\Web Platform Installer\;C:\Program Files (x86)\Microsoft ASP.NET\ASP.NET Web Pages\v1.0\;C:\Program Files (x86)\Windows Kits\8.0\Windows Performance Toolkit\;C:\Program Files\Microsoft SQL Server\110\Tools\Binn\;.;;C:\eclipse;;.;
USERNAME=Lixhjideny
OS=Windows_NT
PROCESSOR_IDENTIFIER=Intel64 Family 6 Model 37 Stepping 5, GenuineIntel



---------------  S Y S T E M  ---------------

OS: Windows 8 , 64 bit Build 9200 

CPU:total 4 (2 cores per cpu, 2 threads per core) family 6 model 37 stepping 5, cmov, cx8, fxsr, mmx, sse, sse2, sse3, ssse3, sse4.1, sse4.2, popcnt, aes, ht, tsc, tscinvbit

Memory: 4k page, physical 8181612k(5061536k free), swap 16570220k(13056864k free)

vm_info: Java HotSpot(TM) Client VM (24.45-b08) for windows-x86 JRE (1.7.0_45-b18), built on Oct  8 2013 06:02:43 by "java_re" with unknown MS VC++:1600

time: Thu Oct 31 18:10:28 2013
elapsed time: 0 seconds

